<?xml version="1.0" encoding="UTF-8"?>
<!-- Generated by org.testng.reporters.JUnitReportReporter -->
<testsuite hostname="DESKTOP-LEBQ3UK" failures="0" tests="3" name="qtriptest.tests.testCase_02" time="85.049" errors="0" timestamp="2024-06-23T14:51:34 IST" skipped="0">
  <testcase classname="qtriptest.tests.testCase_02" name="testcase02" time="28.768"/>
  <system-out/>
  <testcase classname="qtriptest.tests.testCase_02" name="testcase02" time="27.754"/>
  <system-out/>
  <testcase classname="qtriptest.tests.testCase_02" name="testcase02" time="28.527"/>
  <system-out/>
</testsuite> <!-- qtriptest.tests.testCase_02 -->
