<?xml version="1.0" encoding="UTF-8"?>
<!-- Generated by org.testng.reporters.JUnitReportReporter -->
<testsuite hostname="DESKTOP-LEBQ3UK" failures="0" tests="3" name="qtriptest.tests.testCase_03" time="168.430" errors="0" timestamp="2024-06-23T14:51:34 IST" skipped="0">
  <testcase classname="qtriptest.tests.testCase_03" name="testcase03" time="55.952"/>
  <system-out/>
  <testcase classname="qtriptest.tests.testCase_03" name="testcase03" time="56.330"/>
  <system-out/>
  <testcase classname="qtriptest.tests.testCase_03" name="testcase03" time="56.148"/>
  <system-out/>
</testsuite> <!-- qtriptest.tests.testCase_03 -->
