<?xml version="1.0" encoding="UTF-8"?>
<!-- Generated by org.testng.reporters.JUnitReportReporter -->
<testsuite hostname="DESKTOP-LEBQ3UK" failures="0" tests="3" name="qtriptest.tests.testCase_01" time="70.254" errors="0" timestamp="2024-06-23T14:51:34 IST" skipped="0">
  <testcase classname="qtriptest.tests.testCase_01" name="testcase01" time="25.102"/>
  <system-out/>
  <testcase classname="qtriptest.tests.testCase_01" name="testcase01" time="22.621"/>
  <system-out/>
  <testcase classname="qtriptest.tests.testCase_01" name="testcase01" time="22.531"/>
  <system-out/>
</testsuite> <!-- qtriptest.tests.testCase_01 -->
