<?xml version="1.0" encoding="UTF-8"?>
<!-- Generated by org.testng.reporters.JUnitReportReporter -->
<testsuite hostname="DESKTOP-LEBQ3UK" failures="0" tests="3" name="qtriptest.tests.testCase_04" time="300.009" errors="0" timestamp="2024-06-23T14:51:34 IST" skipped="0">
  <testcase classname="qtriptest.tests.testCase_04" name="testcase04" time="101.085"/>
  <system-out/>
  <testcase classname="qtriptest.tests.testCase_04" name="testcase04" time="98.647"/>
  <system-out/>
  <testcase classname="qtriptest.tests.testCase_04" name="testcase04" time="100.277"/>
  <system-out/>
</testsuite> <!-- qtriptest.tests.testCase_04 -->
